#-----------------------------------------------------------
# Vivado v2020.2 (64-bit)
# SW Build 3064766 on Wed Nov 18 09:12:45 MST 2020
# IP Build 3064653 on Wed Nov 18 14:17:31 MST 2020
# Start of session at: Mon Mar  1 16:17:59 2021
# Process ID: 20084
# Current directory: D:/Docs/Skola/VUT/DE1/PC/Digital-electronics-1/Labs/03-vivado/Multiplexor
# Command line: vivado.exe -gui_launcher_event rodinguilauncherevent6292 D:\Docs\Skola\VUT\DE1\PC\Digital-electronics-1\Labs\03-vivado\Multiplexor\Multiplexor.xpr
# Log file: D:/Docs/Skola/VUT/DE1/PC/Digital-electronics-1/Labs/03-vivado/Multiplexor/vivado.log
# Journal file: D:/Docs/Skola/VUT/DE1/PC/Digital-electronics-1/Labs/03-vivado/Multiplexor\vivado.jou
#-----------------------------------------------------------
start_gui
open_project D:/Docs/Skola/VUT/DE1/PC/Digital-electronics-1/Labs/03-vivado/Multiplexor/Multiplexor.xpr
WARNING: [filemgmt 56-3] Default IP Output Path : Could not find the directory 'D:/Docs/Skola/VUT/DE1/PC/Digital-electronics-1/Labs/03-vivado/Multiplexor/Multiplexor.gen/sources_1'.
Scanning sources...
Finished scanning sources
INFO: [IP_Flow 19-234] Refreshing IP repositories
INFO: [IP_Flow 19-1704] No user IP repositories specified
INFO: [IP_Flow 19-2313] Loaded Vivado IP repository 'C:/Xilinx/Vivado/2020.2/data/ip'.
update_compile_order -fileset sources_1
exit
INFO: [Common 17-206] Exiting Vivado at Mon Mar  1 16:53:01 2021...
